2020-03-13 09:29:35 - INFO  - Starting Java350Application on FR-L3356901 with PID 12748 (C:\Users\aline.elwert\tp1303\ipi-java-350-ex\target\classes started by aline.elwert in C:\Users\aline.elwert\tp1303\ipi-java-350-ex)
2020-03-13 09:29:35 - INFO  - No active profile set, falling back to default profiles: default
2020-03-13 09:29:40 - INFO  - Started Java350Application in 4.93 seconds (JVM running for 7.344)
2020-03-13 10:08:06 - INFO  - Starting EmployeRepositoryTest on FR-L3356901 with PID 11888 (started by aline.elwert in C:\Users\aline.elwert\tp1303\ipi-java-350-ex)
2020-03-13 10:08:06 - INFO  - No active profile set, falling back to default profiles: default
2020-03-13 10:08:14 - INFO  - Started EmployeRepositoryTest in 10.226 seconds (JVM running for 14.882)
2020-03-13 10:08:15 - INFO  - Starting EmployeServiceIntegrationTest on FR-L3356901 with PID 11888 (started by aline.elwert in C:\Users\aline.elwert\tp1303\ipi-java-350-ex)
2020-03-13 10:08:15 - INFO  - No active profile set, falling back to default profiles: default
2020-03-13 10:08:16 - INFO  - Started EmployeServiceIntegrationTest in 1.381 seconds (JVM running for 17.251)
2020-03-13 10:08:16 - INFO  - Embauche de l'employÈ John Doe diplÙmÈ de BTS_IUT en tant que TECHNICIEN avec un taux d'activitÈ de 1.0 
2020-03-13 10:08:17 - INFO  - Embauche de l'employÈ John Doe diplÙmÈ de MASTER en tant que MANAGER avec un taux d'activitÈ de 0.5 
2020-03-13 10:08:17 - INFO  - Embauche de l'employÈ John Doe diplÙmÈ de MASTER en tant que MANAGER avec un taux d'activitÈ de 0.5 
2020-03-13 10:08:17 - ERROR - Limite des 100000 matricules atteinte !
2020-03-13 10:08:17 - INFO  - Embauche de l'employÈ John Doe diplÙmÈ de MASTER en tant que MANAGER avec un taux d'activitÈ de 0.5 
2020-03-13 10:08:17 - INFO  - Embauche de l'employÈ John Doe diplÙmÈ de BTS_IUT en tant que TECHNICIEN avec un taux d'activitÈ de 1.0 
2020-03-13 10:08:17 - INFO  - Embauche de l'employÈ John Doe diplÙmÈ de MASTER en tant que MANAGER avec un taux d'activitÈ de 0.5 
2020-03-13 10:08:17 - ERROR - L'employÈ de matricule M00001 existe dÈj‡ en BDD
2020-03-13 12:25:39 - INFO  - Embauche de l'employ√© John Doe dipl√¥m√© de MASTER en tant que MANAGER avec un taux d'activit√© de 0.5 
2020-03-13 12:25:39 - INFO  - Embauche de l'employ√© John Doe dipl√¥m√© de MASTER en tant que MANAGER avec un taux d'activit√© de 0.5 
2020-03-13 12:25:39 - ERROR - Limite des 100000 matricules atteinte !
2020-03-13 12:25:39 - INFO  - Embauche de l'employ√© John Doe dipl√¥m√© de MASTER en tant que MANAGER avec un taux d'activit√© de 0.5 
2020-03-13 12:25:39 - INFO  - Embauche de l'employ√© John Doe dipl√¥m√© de BTS_IUT en tant que TECHNICIEN avec un taux d'activit√© de 1.0 
2020-03-13 12:25:39 - INFO  - Embauche de l'employ√© John Doe dipl√¥m√© de MASTER en tant que MANAGER avec un taux d'activit√© de 0.5 
2020-03-13 12:25:39 - ERROR - L'employ√© de matricule M00001 existe d√©j√† en BDD
2020-03-13 12:25:41 - INFO  - Starting EmployeServiceIntegrationTest on FR-L3356901 with PID 16116 (started by aline.elwert in C:\Users\aline.elwert\tp1303\ipi-java-350-ex)
2020-03-13 12:25:41 - INFO  - No active profile set, falling back to default profiles: default
2020-03-13 12:25:50 - INFO  - Started EmployeServiceIntegrationTest in 9.149 seconds (JVM running for 16.472)
2020-03-13 12:25:50 - INFO  - Embauche de l'employ√© John Doe dipl√¥m√© de BTS_IUT en tant que TECHNICIEN avec un taux d'activit√© de 1.0 
2020-03-13 12:25:50 - INFO  - Starting EmployeRepositoryTest on FR-L3356901 with PID 16116 (started by aline.elwert in C:\Users\aline.elwert\tp1303\ipi-java-350-ex)
2020-03-13 12:25:50 - INFO  - No active profile set, falling back to default profiles: default
2020-03-13 12:25:51 - INFO  - Started EmployeRepositoryTest in 0.959 seconds (JVM running for 18.107)
2020-03-13 14:13:43 - INFO  - Embauche de l'employ√© John Doe dipl√¥m√© de MASTER en tant que MANAGER avec un taux d'activit√© de 0.5 
2020-03-13 14:13:43 - INFO  - Embauche de l'employ√© John Doe dipl√¥m√© de MASTER en tant que MANAGER avec un taux d'activit√© de 0.5 
2020-03-13 14:13:43 - ERROR - Limite des 100000 matricules atteinte !
2020-03-13 14:13:43 - INFO  - Embauche de l'employ√© John Doe dipl√¥m√© de MASTER en tant que MANAGER avec un taux d'activit√© de 0.5 
2020-03-13 14:13:43 - INFO  - Embauche de l'employ√© John Doe dipl√¥m√© de BTS_IUT en tant que TECHNICIEN avec un taux d'activit√© de 1.0 
2020-03-13 14:13:43 - INFO  - Embauche de l'employ√© John Doe dipl√¥m√© de MASTER en tant que MANAGER avec un taux d'activit√© de 0.5 
2020-03-13 14:13:43 - ERROR - L'employ√© de matricule M00001 existe d√©j√† en BDD
2020-03-13 14:59:00 - INFO  - Embauche de l'employ√© John Doe dipl√¥m√© de MASTER en tant que MANAGER avec un taux d'activit√© de 0.5 
2020-03-13 14:59:00 - INFO  - Embauche de l'employ√© John Doe dipl√¥m√© de MASTER en tant que MANAGER avec un taux d'activit√© de 0.5 
2020-03-13 14:59:00 - ERROR - Limite des 100000 matricules atteinte !
2020-03-13 14:59:00 - INFO  - Embauche de l'employ√© John Doe dipl√¥m√© de MASTER en tant que MANAGER avec un taux d'activit√© de 0.5 
2020-03-13 14:59:00 - INFO  - Embauche de l'employ√© John Doe dipl√¥m√© de BTS_IUT en tant que TECHNICIEN avec un taux d'activit√© de 1.0 
2020-03-13 14:59:00 - INFO  - Embauche de l'employ√© John Doe dipl√¥m√© de MASTER en tant que MANAGER avec un taux d'activit√© de 0.5 
2020-03-13 14:59:00 - ERROR - L'employ√© de matricule M00001 existe d√©j√† en BDD
2020-03-13 15:24:41 - INFO  - Embauche de l'employ√© John Doe dipl√¥m√© de MASTER en tant que MANAGER avec un taux d'activit√© de 0.5 
2020-03-13 15:24:41 - INFO  - Embauche de l'employ√© John Doe dipl√¥m√© de MASTER en tant que MANAGER avec un taux d'activit√© de 0.5 
2020-03-13 15:24:41 - ERROR - Limite des 100000 matricules atteinte !
2020-03-13 15:24:41 - INFO  - Embauche de l'employ√© John Doe dipl√¥m√© de MASTER en tant que MANAGER avec un taux d'activit√© de 0.5 
2020-03-13 15:24:41 - INFO  - Embauche de l'employ√© John Doe dipl√¥m√© de BTS_IUT en tant que TECHNICIEN avec un taux d'activit√© de 1.0 
2020-03-13 15:24:41 - INFO  - Embauche de l'employ√© John Doe dipl√¥m√© de MASTER en tant que MANAGER avec un taux d'activit√© de 0.5 
2020-03-13 15:24:41 - ERROR - L'employ√© de matricule M00001 existe d√©j√† en BDD
2020-03-13 15:31:24 - INFO  - Embauche de l'employ√© John Doe dipl√¥m√© de MASTER en tant que MANAGER avec un taux d'activit√© de 0.5 
2020-03-13 15:31:24 - INFO  - Embauche de l'employ√© John Doe dipl√¥m√© de MASTER en tant que MANAGER avec un taux d'activit√© de 0.5 
2020-03-13 15:31:24 - ERROR - Limite des 100000 matricules atteinte !
2020-03-13 15:31:24 - INFO  - Embauche de l'employ√© John Doe dipl√¥m√© de MASTER en tant que MANAGER avec un taux d'activit√© de 0.5 
2020-03-13 15:31:24 - INFO  - Embauche de l'employ√© John Doe dipl√¥m√© de BTS_IUT en tant que TECHNICIEN avec un taux d'activit√© de 1.0 
2020-03-13 15:31:24 - INFO  - Embauche de l'employ√© John Doe dipl√¥m√© de MASTER en tant que MANAGER avec un taux d'activit√© de 0.5 
2020-03-13 15:31:24 - ERROR - L'employ√© de matricule M00001 existe d√©j√† en BDD
2020-03-13 15:34:50 - INFO  - Embauche de l'employ√© John Doe dipl√¥m√© de MASTER en tant que MANAGER avec un taux d'activit√© de 0.5 
2020-03-13 15:34:50 - INFO  - Embauche de l'employ√© John Doe dipl√¥m√© de MASTER en tant que MANAGER avec un taux d'activit√© de 0.5 
2020-03-13 15:34:50 - ERROR - Limite des 100000 matricules atteinte !
2020-03-13 15:34:50 - INFO  - Embauche de l'employ√© John Doe dipl√¥m√© de MASTER en tant que MANAGER avec un taux d'activit√© de 0.5 
2020-03-13 15:34:50 - INFO  - Embauche de l'employ√© John Doe dipl√¥m√© de BTS_IUT en tant que TECHNICIEN avec un taux d'activit√© de 1.0 
2020-03-13 15:34:50 - INFO  - Embauche de l'employ√© John Doe dipl√¥m√© de MASTER en tant que MANAGER avec un taux d'activit√© de 0.5 
2020-03-13 15:34:50 - ERROR - L'employ√© de matricule M00001 existe d√©j√† en BDD
2020-03-13 15:34:51 - INFO  - Starting EmployeServiceIntegrationTest on FR-L3356901 with PID 6320 (started by aline.elwert in C:\Users\aline.elwert\tp1303\ipi-java-350-ex)
2020-03-13 15:34:51 - INFO  - No active profile set, falling back to default profiles: default
2020-03-13 15:34:58 - INFO  - Started EmployeServiceIntegrationTest in 7.233 seconds (JVM running for 13.29)
2020-03-13 15:34:58 - INFO  - Embauche de l'employ√© John Doe dipl√¥m√© de BTS_IUT en tant que TECHNICIEN avec un taux d'activit√© de 1.0 
2020-03-13 15:34:59 - INFO  - Starting EmployeRepositoryTest on FR-L3356901 with PID 6320 (started by aline.elwert in C:\Users\aline.elwert\tp1303\ipi-java-350-ex)
2020-03-13 15:34:59 - INFO  - No active profile set, falling back to default profiles: default
2020-03-13 15:34:59 - INFO  - Started EmployeRepositoryTest in 0.899 seconds (JVM running for 14.758)
2020-03-13 15:36:53 - INFO  - Embauche de l'employ√© John Doe dipl√¥m√© de MASTER en tant que MANAGER avec un taux d'activit√© de 0.5 
2020-03-13 15:36:53 - INFO  - Embauche de l'employ√© John Doe dipl√¥m√© de MASTER en tant que MANAGER avec un taux d'activit√© de 0.5 
2020-03-13 15:36:53 - ERROR - Limite des 100000 matricules atteinte !
2020-03-13 15:36:53 - INFO  - Embauche de l'employ√© John Doe dipl√¥m√© de MASTER en tant que MANAGER avec un taux d'activit√© de 0.5 
2020-03-13 15:36:53 - INFO  - Embauche de l'employ√© John Doe dipl√¥m√© de BTS_IUT en tant que TECHNICIEN avec un taux d'activit√© de 1.0 
2020-03-13 15:36:53 - INFO  - Embauche de l'employ√© John Doe dipl√¥m√© de MASTER en tant que MANAGER avec un taux d'activit√© de 0.5 
2020-03-13 15:36:53 - ERROR - L'employ√© de matricule M00001 existe d√©j√† en BDD
2020-03-13 16:19:51 - INFO  - Starting EmployeServiceIntegrationTest on FR-L3356901 with PID 16324 (started by aline.elwert in C:\Users\aline.elwert\tp1303\ipi-java-350-ex)
2020-03-13 16:19:51 - INFO  - No active profile set, falling back to default profiles: default
2020-03-13 16:19:55 - INFO  - Started EmployeServiceIntegrationTest in 4.957 seconds (JVM running for 7.242)
2020-03-13 16:20:26 - INFO  - Embauche de l'employ√© John Doe dipl√¥m√© de MASTER en tant que MANAGER avec un taux d'activit√© de 0.5 
2020-03-13 16:20:26 - INFO  - Embauche de l'employ√© John Doe dipl√¥m√© de MASTER en tant que MANAGER avec un taux d'activit√© de 0.5 
2020-03-13 16:20:26 - ERROR - Limite des 100000 matricules atteinte !
2020-03-13 16:20:26 - INFO  - Embauche de l'employ√© John Doe dipl√¥m√© de MASTER en tant que MANAGER avec un taux d'activit√© de 0.5 
2020-03-13 16:20:26 - INFO  - Embauche de l'employ√© John Doe dipl√¥m√© de BTS_IUT en tant que TECHNICIEN avec un taux d'activit√© de 1.0 
2020-03-13 16:20:26 - INFO  - Embauche de l'employ√© John Doe dipl√¥m√© de MASTER en tant que MANAGER avec un taux d'activit√© de 0.5 
2020-03-13 16:20:26 - ERROR - L'employ√© de matricule M00001 existe d√©j√† en BDD
2020-03-13 16:20:28 - INFO  - Starting EmployeServiceIntegrationTest on FR-L3356901 with PID 14428 (started by aline.elwert in C:\Users\aline.elwert\tp1303\ipi-java-350-ex)
2020-03-13 16:20:28 - INFO  - No active profile set, falling back to default profiles: default
2020-03-13 16:20:34 - INFO  - Started EmployeServiceIntegrationTest in 6.778 seconds (JVM running for 12.668)
2020-03-13 16:20:34 - INFO  - Embauche de l'employ√© John Doe dipl√¥m√© de BTS_IUT en tant que TECHNICIEN avec un taux d'activit√© de 1.0 
2020-03-13 16:20:35 - INFO  - Starting EmployeRepositoryTest on FR-L3356901 with PID 14428 (started by aline.elwert in C:\Users\aline.elwert\tp1303\ipi-java-350-ex)
2020-03-13 16:20:35 - INFO  - No active profile set, falling back to default profiles: default
2020-03-13 16:20:36 - INFO  - Started EmployeRepositoryTest in 0.877 seconds (JVM running for 14.159)
2020-03-13 16:30:37 - INFO  - Starting EmployeServiceIntegrationTest on FR-L3356901 with PID 7164 (started by aline.elwert in C:\Users\aline.elwert\tp1303\ipi-java-350-ex)
2020-03-13 16:30:37 - INFO  - No active profile set, falling back to default profiles: default
2020-03-13 16:30:41 - INFO  - Started EmployeServiceIntegrationTest in 4.884 seconds (JVM running for 7.504)
2020-03-13 16:31:09 - INFO  - Starting EmployeServiceIntegrationTest on FR-L3356901 with PID 9260 (started by aline.elwert in C:\Users\aline.elwert\tp1303\ipi-java-350-ex)
2020-03-13 16:31:09 - INFO  - No active profile set, falling back to default profiles: default
2020-03-13 16:31:14 - INFO  - Started EmployeServiceIntegrationTest in 5.433 seconds (JVM running for 7.878)
2020-03-13 16:31:37 - INFO  - Starting EmployeServiceIntegrationTest on FR-L3356901 with PID 8196 (started by aline.elwert in C:\Users\aline.elwert\tp1303\ipi-java-350-ex)
2020-03-13 16:31:37 - INFO  - No active profile set, falling back to default profiles: default
2020-03-13 16:31:42 - INFO  - Started EmployeServiceIntegrationTest in 5.086 seconds (JVM running for 7.677)
2020-03-13 16:32:42 - INFO  - Starting EmployeServiceIntegrationTest on FR-L3356901 with PID 6420 (started by aline.elwert in C:\Users\aline.elwert\tp1303\ipi-java-350-ex)
2020-03-13 16:32:42 - INFO  - No active profile set, falling back to default profiles: default
2020-03-13 16:32:47 - INFO  - Started EmployeServiceIntegrationTest in 4.957 seconds (JVM running for 7.19)
2020-03-13 16:34:42 - INFO  - Embauche de l'employ√© John Doe dipl√¥m√© de MASTER en tant que MANAGER avec un taux d'activit√© de 0.5 
2020-03-13 16:34:42 - INFO  - Embauche de l'employ√© John Doe dipl√¥m√© de MASTER en tant que MANAGER avec un taux d'activit√© de 0.5 
2020-03-13 16:34:42 - ERROR - Limite des 100000 matricules atteinte !
2020-03-13 16:34:42 - INFO  - Embauche de l'employ√© John Doe dipl√¥m√© de MASTER en tant que MANAGER avec un taux d'activit√© de 0.5 
2020-03-13 16:34:42 - INFO  - Embauche de l'employ√© John Doe dipl√¥m√© de BTS_IUT en tant que TECHNICIEN avec un taux d'activit√© de 1.0 
2020-03-13 16:34:42 - INFO  - Embauche de l'employ√© John Doe dipl√¥m√© de MASTER en tant que MANAGER avec un taux d'activit√© de 0.5 
2020-03-13 16:34:42 - ERROR - L'employ√© de matricule M00001 existe d√©j√† en BDD
2020-03-13 16:34:44 - INFO  - Starting EmployeServiceIntegrationTest on FR-L3356901 with PID 224 (started by aline.elwert in C:\Users\aline.elwert\tp1303\ipi-java-350-ex)
2020-03-13 16:34:44 - INFO  - No active profile set, falling back to default profiles: default
2020-03-13 16:34:50 - INFO  - Started EmployeServiceIntegrationTest in 6.753 seconds (JVM running for 12.744)
2020-03-13 16:34:50 - INFO  - Embauche de l'employ√© John Doe dipl√¥m√© de BTS_IUT en tant que TECHNICIEN avec un taux d'activit√© de 1.0 
2020-03-13 16:34:51 - INFO  - Starting EmployeRepositoryTest on FR-L3356901 with PID 224 (started by aline.elwert in C:\Users\aline.elwert\tp1303\ipi-java-350-ex)
2020-03-13 16:34:51 - INFO  - No active profile set, falling back to default profiles: default
2020-03-13 16:34:51 - INFO  - Started EmployeRepositoryTest in 0.914 seconds (JVM running for 14.244)
